{"contracts/IStakingProtocol.sol":{"l":{},"path":"/home/dev-varun/Documents/Solidity/Staking-Protocol/contracts/IStakingProtocol.sol","s":{},"b":{},"f":{},"fnMap":{},"statementMap":{},"branchMap":{}},"contracts/SampleToken.sol":{"l":{"7":56},"path":"/home/dev-varun/Documents/Solidity/Staking-Protocol/contracts/SampleToken.sol","s":{"1":56},"b":{},"f":{"1":56},"fnMap":{"1":{"name":"constructor","line":6,"loc":{"start":{"line":6,"column":4},"end":{"line":8,"column":4}}}},"statementMap":{"1":{"start":{"line":7,"column":8},"end":{"line":7,"column":32}}},"branchMap":{}},"contracts/StakingProtocol.sol":{"l":{"21":2,"22":2,"26":3,"27":3,"31":20,"32":18,"33":18,"34":18,"38":23,"39":19,"40":19,"41":19,"42":19,"46":24,"47":22,"48":20,"50":18,"51":18,"52":18,"54":18,"55":16,"57":14,"58":2,"60":2,"63":14,"64":14,"65":14,"67":14,"69":14,"71":14,"75":7,"76":5,"77":5,"79":3,"80":3,"82":3,"83":3,"85":3,"86":2,"87":2,"89":2,"91":3,"93":3,"95":3,"99":6,"101":6,"102":5,"104":1,"109":10,"110":10,"112":10,"114":9,"115":9,"116":9,"118":9,"124":2},"path":"/home/dev-varun/Documents/Solidity/Staking-Protocol/contracts/StakingProtocol.sol","s":{"1":2,"2":2,"3":3,"4":3,"5":20,"6":18,"7":18,"8":18,"9":23,"10":19,"11":19,"12":19,"13":19,"14":24,"15":22,"16":20,"17":18,"18":18,"19":18,"20":18,"21":16,"22":14,"23":2,"24":2,"25":14,"26":14,"27":14,"28":14,"29":14,"30":14,"31":7,"32":5,"33":5,"34":3,"35":3,"36":3,"37":3,"38":3,"39":2,"40":2,"41":2,"42":3,"43":3,"44":3,"45":6,"46":6,"47":5,"48":1,"49":10,"50":10,"51":10,"52":9,"53":9,"54":9,"55":9,"56":2},"b":{"1":[18,2],"2":[19,4],"3":[22,2],"4":[20,2],"5":[18,2],"6":[16,2],"7":[14,2],"8":[2,12],"9":[5,2],"10":[3,2],"11":[2,1],"12":[5,1],"13":[9,1]},"f":{"1":2,"2":3,"3":20,"4":23,"5":24,"6":7,"7":6,"8":10,"9":2},"fnMap":{"1":{"name":"setCliff","line":20,"loc":{"start":{"line":20,"column":4},"end":{"line":23,"column":4}}},"2":{"name":"changeStakingStatus","line":25,"loc":{"start":{"line":25,"column":4},"end":{"line":28,"column":4}}},"3":{"name":"changePoolStatus","line":30,"loc":{"start":{"line":30,"column":4},"end":{"line":35,"column":4}}},"4":{"name":"createPool","line":37,"loc":{"start":{"line":37,"column":4},"end":{"line":43,"column":4}}},"5":{"name":"stakeToken","line":45,"loc":{"start":{"line":45,"column":4},"end":{"line":72,"column":4}}},"6":{"name":"claimToken","line":74,"loc":{"start":{"line":74,"column":4},"end":{"line":96,"column":4}}},"7":{"name":"stakeInfo","line":98,"loc":{"start":{"line":98,"column":4},"end":{"line":106,"column":4}}},"8":{"name":"fetchUnclaimedReward","line":108,"loc":{"start":{"line":108,"column":4},"end":{"line":119,"column":4}}},"9":{"name":"fetchPoolInfo","line":122,"loc":{"start":{"line":122,"column":4},"end":{"line":125,"column":4}}}},"statementMap":{"1":{"start":{"line":21,"column":8},"end":{"line":21,"column":21}},"2":{"start":{"line":22,"column":8},"end":{"line":22,"column":19}},"3":{"start":{"line":26,"column":8},"end":{"line":26,"column":30}},"4":{"start":{"line":27,"column":8},"end":{"line":27,"column":19}},"5":{"start":{"line":31,"column":8},"end":{"line":31,"column":55}},"6":{"start":{"line":32,"column":8},"end":{"line":32,"column":39}},"7":{"start":{"line":33,"column":8},"end":{"line":33,"column":51}},"8":{"start":{"line":34,"column":8},"end":{"line":34,"column":19}},"9":{"start":{"line":38,"column":8},"end":{"line":38,"column":112}},"10":{"start":{"line":39,"column":8},"end":{"line":39,"column":21}},"11":{"start":{"line":40,"column":8},"end":{"line":40,"column":79}},"12":{"start":{"line":41,"column":8},"end":{"line":41,"column":78}},"13":{"start":{"line":42,"column":8},"end":{"line":42,"column":19}},"14":{"start":{"line":46,"column":8},"end":{"line":46,"column":45}},"15":{"start":{"line":47,"column":8},"end":{"line":47,"column":55}},"16":{"start":{"line":48,"column":8},"end":{"line":48,"column":56}},"17":{"start":{"line":50,"column":8},"end":{"line":50,"column":49}},"18":{"start":{"line":51,"column":8},"end":{"line":51,"column":68}},"19":{"start":{"line":52,"column":8},"end":{"line":52,"column":53}},"20":{"start":{"line":54,"column":8},"end":{"line":54,"column":114}},"21":{"start":{"line":55,"column":8},"end":{"line":55,"column":109}},"22":{"start":{"line":57,"column":8},"end":{"line":57,"column":2279}},"23":{"start":{"line":58,"column":12},"end":{"line":58,"column":66}},"24":{"start":{"line":60,"column":12},"end":{"line":60,"column":88}},"25":{"start":{"line":63,"column":8},"end":{"line":63,"column":39}},"26":{"start":{"line":64,"column":8},"end":{"line":64,"column":45}},"27":{"start":{"line":65,"column":8},"end":{"line":65,"column":38}},"28":{"start":{"line":67,"column":8},"end":{"line":67,"column":95}},"29":{"start":{"line":69,"column":8},"end":{"line":69,"column":66}},"30":{"start":{"line":71,"column":8},"end":{"line":71,"column":19}},"31":{"start":{"line":75,"column":8},"end":{"line":75,"column":44}},"32":{"start":{"line":76,"column":8},"end":{"line":76,"column":62}},"33":{"start":{"line":77,"column":8},"end":{"line":77,"column":57}},"34":{"start":{"line":79,"column":8},"end":{"line":79,"column":49}},"35":{"start":{"line":80,"column":8},"end":{"line":80,"column":68}},"36":{"start":{"line":82,"column":8},"end":{"line":82,"column":47}},"37":{"start":{"line":83,"column":8},"end":{"line":83,"column":45}},"38":{"start":{"line":85,"column":8},"end":{"line":85,"column":3311}},"39":{"start":{"line":86,"column":12},"end":{"line":86,"column":37}},"40":{"start":{"line":87,"column":12},"end":{"line":87,"column":58}},"41":{"start":{"line":89,"column":12},"end":{"line":89,"column":80}},"42":{"start":{"line":91,"column":8},"end":{"line":91,"column":84}},"43":{"start":{"line":93,"column":8},"end":{"line":93,"column":87}},"44":{"start":{"line":95,"column":8},"end":{"line":95,"column":19}},"45":{"start":{"line":99,"column":8},"end":{"line":99,"column":60}},"46":{"start":{"line":101,"column":8},"end":{"line":101,"column":3915}},"47":{"start":{"line":102,"column":12},"end":{"line":102,"column":38}},"48":{"start":{"line":104,"column":12},"end":{"line":104,"column":39}},"49":{"start":{"line":109,"column":8},"end":{"line":109,"column":68}},"50":{"start":{"line":110,"column":8},"end":{"line":110,"column":49}},"51":{"start":{"line":112,"column":8},"end":{"line":112,"column":66}},"52":{"start":{"line":114,"column":8},"end":{"line":114,"column":71}},"53":{"start":{"line":115,"column":8},"end":{"line":115,"column":96}},"54":{"start":{"line":116,"column":8},"end":{"line":116,"column":45}},"55":{"start":{"line":118,"column":8},"end":{"line":118,"column":26}},"56":{"start":{"line":124,"column":8},"end":{"line":124,"column":27}}},"branchMap":{"1":{"line":31,"type":"if","locations":[{"start":{"line":31,"column":8},"end":{"line":31,"column":8}},{"start":{"line":31,"column":8},"end":{"line":31,"column":8}}]},"2":{"line":38,"type":"if","locations":[{"start":{"line":38,"column":8},"end":{"line":38,"column":8}},{"start":{"line":38,"column":8},"end":{"line":38,"column":8}}]},"3":{"line":46,"type":"if","locations":[{"start":{"line":46,"column":8},"end":{"line":46,"column":8}},{"start":{"line":46,"column":8},"end":{"line":46,"column":8}}]},"4":{"line":47,"type":"if","locations":[{"start":{"line":47,"column":8},"end":{"line":47,"column":8}},{"start":{"line":47,"column":8},"end":{"line":47,"column":8}}]},"5":{"line":48,"type":"if","locations":[{"start":{"line":48,"column":8},"end":{"line":48,"column":8}},{"start":{"line":48,"column":8},"end":{"line":48,"column":8}}]},"6":{"line":54,"type":"if","locations":[{"start":{"line":54,"column":8},"end":{"line":54,"column":8}},{"start":{"line":54,"column":8},"end":{"line":54,"column":8}}]},"7":{"line":55,"type":"if","locations":[{"start":{"line":55,"column":8},"end":{"line":55,"column":8}},{"start":{"line":55,"column":8},"end":{"line":55,"column":8}}]},"8":{"line":57,"type":"if","locations":[{"start":{"line":57,"column":8},"end":{"line":57,"column":8}},{"start":{"line":57,"column":8},"end":{"line":57,"column":8}}]},"9":{"line":75,"type":"if","locations":[{"start":{"line":75,"column":8},"end":{"line":75,"column":8}},{"start":{"line":75,"column":8},"end":{"line":75,"column":8}}]},"10":{"line":77,"type":"if","locations":[{"start":{"line":77,"column":8},"end":{"line":77,"column":8}},{"start":{"line":77,"column":8},"end":{"line":77,"column":8}}]},"11":{"line":85,"type":"if","locations":[{"start":{"line":85,"column":8},"end":{"line":85,"column":8}},{"start":{"line":85,"column":8},"end":{"line":85,"column":8}}]},"12":{"line":101,"type":"if","locations":[{"start":{"line":101,"column":8},"end":{"line":101,"column":8}},{"start":{"line":101,"column":8},"end":{"line":101,"column":8}}]},"13":{"line":112,"type":"if","locations":[{"start":{"line":112,"column":8},"end":{"line":112,"column":8}},{"start":{"line":112,"column":8},"end":{"line":112,"column":8}}]}}}}